c:\stuff\robots\live\x64\debug\vc141.pdb
c:\stuff\robots\live\x64\debug\vc141.idb
c:\stuff\robots\live\x64\debug\vidcont.obj
c:\stuff\robots\live\x64\debug\t7.obj
c:\stuff\robots\live\x64\debug\sector.obj
c:\stuff\robots\live\x64\debug\live.obj
c:\stuff\robots\live\x64\debug\helper.obj
c:\stuff\robots\live\x64\debug\draw.obj
c:\stuff\robots\live\x64\debug\basics.obj
c:\stuff\robots\live\x64\debug\alg.obj
c:\stuff\robots\x64\debug\live.ilk
c:\stuff\robots\x64\debug\live.exe
c:\stuff\robots\x64\debug\live.pdb
c:\stuff\robots\live\x64\debug\vcpkg.applocal.log
c:\stuff\robots\x64\debug\opencv_core341d.dll
c:\stuff\robots\x64\debug\zlibd1.dll
c:\stuff\robots\x64\debug\opencv_highgui341d.dll
c:\stuff\robots\x64\debug\opencv_videoio341d.dll
c:\stuff\robots\x64\debug\opencv_imgcodecs341d.dll
c:\stuff\robots\x64\debug\opencv_imgproc341d.dll
c:\stuff\robots\x64\debug\jpeg62.dll
c:\stuff\robots\x64\debug\webpd.dll
c:\stuff\robots\x64\debug\libpng16d.dll
c:\stuff\robots\x64\debug\tiffd.dll
c:\stuff\robots\x64\debug\lzma.dll
c:\stuff\robots\x64\debug\jasper.dll
c:\stuff\robots\x64\debug\ilmimf-2_2.dll
c:\stuff\robots\x64\debug\half.dll
c:\stuff\robots\x64\debug\iex-2_2.dll
c:\stuff\robots\x64\debug\imath-2_2.dll
c:\stuff\robots\x64\debug\ilmthread-2_2.dll
c:\stuff\robots\x64\debug\qt5testd.dll
c:\stuff\robots\x64\debug\qt5cored.dll
c:\stuff\robots\x64\debug\pcre2-16d.dll
c:\stuff\robots\x64\debug\double-conversion.dll
c:\stuff\robots\x64\debug\qt5opengld.dll
c:\stuff\robots\x64\debug\qt5widgetsd.dll
c:\stuff\robots\x64\debug\qt5guid.dll
c:\stuff\robots\x64\debug\platforms\qwindowsd.dll
c:\stuff\robots\x64\debug\imageformats\qgifd.dll
c:\stuff\robots\x64\debug\imageformats\qicnsd.dll
c:\stuff\robots\x64\debug\imageformats\qicod.dll
c:\stuff\robots\x64\debug\imageformats\qjpegd.dll
c:\stuff\robots\x64\debug\imageformats\qsvgd.dll
c:\stuff\robots\x64\debug\qt5svgd.dll
c:\stuff\robots\x64\debug\imageformats\qtgad.dll
c:\stuff\robots\x64\debug\imageformats\qtiffd.dll
c:\stuff\robots\x64\debug\imageformats\qwbmpd.dll
c:\stuff\robots\x64\debug\imageformats\qwebpd.dll
c:\stuff\robots\x64\debug\iconengines\qsvgicond.dll
c:\stuff\robots\x64\debug\platforminputcontexts\qtvirtualkeyboardplugind.dll
c:\stuff\robots\x64\debug\qt5quickd.dll
c:\vcpkg\installed\x64-windows\debug\plugins\platforminputcontexts\scenegraph\qsgd3d12backendd.dll
c:\stuff\robots\x64\debug\qt5qmld.dll
c:\stuff\robots\x64\debug\qt5networkd.dll
c:\stuff\robots\x64\debug\bearer\qgenericbearerd.dll
c:\stuff\robots\x64\debug\bearer\qnativewifibearerd.dll
c:\stuff\robots\x64\debug\libeay32.dll
c:\stuff\robots\x64\debug\ssleay32.dll
c:\vcpkg\installed\x64-windows\debug\plugins\platforminputcontexts\qmltooling\qmldbg_debuggerd.dll
c:\vcpkg\installed\x64-windows\debug\plugins\platforminputcontexts\qmltooling\qmldbg_inspectord.dll
c:\vcpkg\installed\x64-windows\debug\plugins\platforminputcontexts\qmltooling\qmldbg_locald.dll
c:\vcpkg\installed\x64-windows\debug\plugins\platforminputcontexts\qmltooling\qmldbg_messagesd.dll
c:\vcpkg\installed\x64-windows\debug\plugins\platforminputcontexts\qmltooling\qmldbg_natived.dll
c:\vcpkg\installed\x64-windows\debug\plugins\platforminputcontexts\qmltooling\qmldbg_nativedebuggerd.dll
c:\vcpkg\installed\x64-windows\debug\plugins\platforminputcontexts\qmltooling\qmldbg_profilerd.dll
c:\vcpkg\installed\x64-windows\debug\plugins\platforminputcontexts\qmltooling\qmldbg_quickprofilerd.dll
c:\vcpkg\installed\x64-windows\debug\plugins\platforminputcontexts\qmltooling\qmldbg_serverd.dll
c:\vcpkg\installed\x64-windows\debug\plugins\platforminputcontexts\qmltooling\qmldbg_tcpd.dll
c:\stuff\robots\x64\debug\harfbuzz.dll
c:\stuff\robots\x64\debug\freetyped.dll
c:\stuff\robots\x64\debug\libbz2d.dll
c:\stuff\robots\x64\debug\glib-2.dll
c:\stuff\robots\x64\debug\pcred.dll
c:\stuff\robots\x64\debug\libiconv.dll
c:\stuff\robots\x64\debug\libcharset.dll
c:\stuff\robots\x64\debug\libintl.dll
c:\stuff\robots\x64\debug\opencv_photo341d.dll
c:\stuff\robots\live\x64\debug\live.tlog\cl.command.1.tlog
c:\stuff\robots\live\x64\debug\live.tlog\cl.read.1.tlog
c:\stuff\robots\live\x64\debug\live.tlog\cl.write.1.tlog
c:\stuff\robots\live\x64\debug\live.tlog\link.command.1.tlog
c:\stuff\robots\live\x64\debug\live.tlog\link.read.1.tlog
c:\stuff\robots\live\x64\debug\live.tlog\link.write.1.tlog
c:\stuff\robots\live\x64\debug\live.tlog\live.write.1u.tlog
