
C:\stuff\robots\x64\Debug\opencv_core341d.dll
C:\stuff\robots\x64\Debug\zlibd1.dll
C:\stuff\robots\x64\Debug\opencv_highgui341d.dll
C:\stuff\robots\x64\Debug\opencv_videoio341d.dll
C:\stuff\robots\x64\Debug\opencv_imgcodecs341d.dll
C:\stuff\robots\x64\Debug\opencv_imgproc341d.dll
C:\stuff\robots\x64\Debug\jpeg62.dll
C:\stuff\robots\x64\Debug\webpd.dll
C:\stuff\robots\x64\Debug\libpng16d.dll
C:\stuff\robots\x64\Debug\tiffd.dll
C:\stuff\robots\x64\Debug\lzma.dll
C:\stuff\robots\x64\Debug\jasper.dll
C:\stuff\robots\x64\Debug\IlmImf-2_2.dll
C:\stuff\robots\x64\Debug\Half.dll
C:\stuff\robots\x64\Debug\Iex-2_2.dll
C:\stuff\robots\x64\Debug\Imath-2_2.dll
C:\stuff\robots\x64\Debug\IlmThread-2_2.dll
C:\stuff\robots\x64\Debug\Qt5Testd.dll
C:\stuff\robots\x64\Debug\Qt5Cored.dll
C:\stuff\robots\x64\Debug\pcre2-16d.dll
C:\stuff\robots\x64\Debug\double-conversion.dll
C:\stuff\robots\x64\Debug\Qt5OpenGLd.dll
C:\stuff\robots\x64\Debug\Qt5Widgetsd.dll
C:\stuff\robots\x64\Debug\Qt5Guid.dll
C:\stuff\robots\x64\Debug\platforms\qwindowsd.dll
C:\stuff\robots\x64\Debug\imageformats\qgifd.dll
C:\stuff\robots\x64\Debug\imageformats\qicnsd.dll
C:\stuff\robots\x64\Debug\imageformats\qicod.dll
C:\stuff\robots\x64\Debug\imageformats\qjpegd.dll
C:\stuff\robots\x64\Debug\imageformats\qsvgd.dll
C:\stuff\robots\x64\Debug\Qt5Svgd.dll
C:\stuff\robots\x64\Debug\imageformats\qtgad.dll
C:\stuff\robots\x64\Debug\imageformats\qtiffd.dll
C:\stuff\robots\x64\Debug\imageformats\qwbmpd.dll
C:\stuff\robots\x64\Debug\imageformats\qwebpd.dll
C:\stuff\robots\x64\Debug\iconengines\qsvgicond.dll
C:\stuff\robots\x64\Debug\platforminputcontexts\qtvirtualkeyboardplugind.dll
C:\stuff\robots\x64\Debug\Qt5Quickd.dll
C:\vcpkg\installed\x64-windows\debug\plugins\platforminputcontexts\scenegraph\qsgd3d12backendd.dll
C:\stuff\robots\x64\Debug\Qt5Qmld.dll
C:\stuff\robots\x64\Debug\Qt5Networkd.dll
C:\stuff\robots\x64\Debug\bearer\qgenericbearerd.dll
C:\stuff\robots\x64\Debug\bearer\qnativewifibearerd.dll
C:\stuff\robots\x64\Debug\libeay32.dll
C:\stuff\robots\x64\Debug\ssleay32.dll
C:\vcpkg\installed\x64-windows\debug\plugins\platforminputcontexts\qmltooling\qmldbg_debuggerd.dll
C:\vcpkg\installed\x64-windows\debug\plugins\platforminputcontexts\qmltooling\qmldbg_inspectord.dll
C:\vcpkg\installed\x64-windows\debug\plugins\platforminputcontexts\qmltooling\qmldbg_locald.dll
C:\vcpkg\installed\x64-windows\debug\plugins\platforminputcontexts\qmltooling\qmldbg_messagesd.dll
C:\vcpkg\installed\x64-windows\debug\plugins\platforminputcontexts\qmltooling\qmldbg_natived.dll
C:\vcpkg\installed\x64-windows\debug\plugins\platforminputcontexts\qmltooling\qmldbg_nativedebuggerd.dll
C:\vcpkg\installed\x64-windows\debug\plugins\platforminputcontexts\qmltooling\qmldbg_profilerd.dll
C:\vcpkg\installed\x64-windows\debug\plugins\platforminputcontexts\qmltooling\qmldbg_quickprofilerd.dll
C:\vcpkg\installed\x64-windows\debug\plugins\platforminputcontexts\qmltooling\qmldbg_serverd.dll
C:\vcpkg\installed\x64-windows\debug\plugins\platforminputcontexts\qmltooling\qmldbg_tcpd.dll
C:\stuff\robots\x64\Debug\harfbuzz.dll
C:\stuff\robots\x64\Debug\freetyped.dll
C:\stuff\robots\x64\Debug\libbz2d.dll
C:\stuff\robots\x64\Debug\glib-2.dll
C:\stuff\robots\x64\Debug\pcred.dll
C:\stuff\robots\x64\Debug\libiconv.dll
C:\stuff\robots\x64\Debug\libcharset.dll
C:\stuff\robots\x64\Debug\libintl.dll
C:\stuff\robots\x64\Debug\opencv_photo341d.dll
